        -:    0:Source:btree.c
        -:    0:Graph:btree.gcno
        -:    0:Data:btree.gcda
        -:    0:Runs:1
        -:    0:Programs:1
        -:    1:#include <stdio.h>
        -:    2:#include <string.h>
        -:    3:#include <stdlib.h>
        -:    4:#include <math.h>
        -:    5:
        -:    6:#define M 5
        -:    7:#define TRUE 1
        -:    8:#define FALSE 0
        -:    9:#define T 3
        -:   10:
        -:   11:FILE *fp;
        -:   12:
        -:   13:/* Structure of a key */
        -:   14:typedef struct chave{
        -:   15:    int ident; /* Identifier of the key */
        -:   16:    char chave[8]; /* Key as string size */
        -:   17:    int prr; /* PRR Value on file */
        -:   18:}t_chave;
        -:   19:
        -:   20:/* Structure of a node */
        -:   21:typedef struct no{
        -:   22:    int contador; /* Counter */
        -:   23:    int folha; /* Tell if the node is a leaf */
        -:   24:    t_chave chaves[M];//M-1 /* Vector of keys */
        -:   25:    struct no *pFilhos[M+1];//M /* Vector of nodes */
        -:   26:}t_no;
        -:   27:
        -:   28:typedef struct Tree{
        -:   29:    t_no *root;
        -:   30:}t_tree;
        -:   31:
        -:   32:/* Create the node */
       16:   33:t_no *cria_no(){
        -:   34:    int i;
        -:   35:    /* Alloc memory*/
       16:   36:    t_no *no = (t_no*)malloc(sizeof(t_no));
        -:   37:    
        -:   38:    /* Set counter to 0*/
       16:   39:    no->contador = 0;
        -:   40:    /* Set the leaf indicator to false*/
       16:   41:    no->folha = FALSE;
        -:   42:    /* Populate the vector of keys and son with default values */
       80:   43:    for (i=1 ; i <= M-1; i++) {
        -:   44:        /* -1 is set to a non used key */
       64:   45:        no->chaves[i].ident = 0;
        -:   46:        /* NULL is set if the son have no pointer */
       64:   47:        no->pFilhos[i] = NULL;
        -:   48:    }
        -:   49:    /* Extra NULL set because there is one more pointer to son */
       16:   50:    no->pFilhos[i] = NULL;
        -:   51:    
        -:   52:    /* Return the node */
       16:   53:    return no;
        -:   54:}
        -:   55:
        -:   56:/* Create a new tree */
        1:   57:t_tree *criaArvore(t_tree *tree){
        -:   58:    /* Create the root node */
        1:   59:    t_no *x = cria_no();
        -:   60:    /* Set as a leaf to true */ 
        1:   61:    x->folha = TRUE;
        -:   62:    /* Set the new root as the tree root */
        1:   63:    tree->root = x;
        -:   64:    /* Return the new root */
        1:   65:    return tree;
        -:   66:}
        -:   67:
        -:   68:
        -:   69:/* Method for populating the key */
       40:   70:t_chave *criaChave(int ident, char chave[], int estPrr){
        -:   71:    /* Alloc space for the new struct key */
       40:   72:    t_chave *newKey = (t_chave*)malloc(sizeof(t_chave));
        -:   73:    /* Set the stuct key identifier */
       40:   74:    newKey->ident = ident;
        -:   75:    /* Set the struct key key */
       40:   76:    strcpy(newKey->chave, chave);
        -:   77:    /* Set the struct key prr */
       40:   78:    newKey->prr = estPrr;
        -:   79:    /* Return the new key */
       40:   80:    return newKey;
        -:   81:}
        -:   82:
        -:   83:/* Method for handling the Command Line Arguments */
        1:   84:int cliParser(int argc, char *argv[], int *registerType){
        1:   85:    int validate = 0;
        -:   86:    
        -:   87:    /* Check the amount of parsed args */
        1:   88:    if (argc != 4){
    #####:   89:        printf("Uso: %s nome_arquivo -r 1 ou 2\n\n1 - Indica Registros de tamanho variavel\n2 - Indica Registros de tamanho fixo\n\n", argv[0]);
        -:   90:        
    #####:   91:        validate = 0;
        -:   92:    } else{
        1:   93:        fp = fopen(argv[1], "r" );
        -:   94:
        -:   95:        /* Check if the file passed as arg really exist. */
        1:   96:        if (fp == NULL){
    #####:   97:            printf("\nErro ao abrir arquivo, encerrando...\n\n");
    #####:   98:            validate = 0;
        -:   99:        } else {
        -:  100:            /* Check if the arg is right */
        1:  101:            if(strcmp(argv[2],"-r")){
    #####:  102:                printf("\nErro! Parametro nao reconhecido, voce quis dizer '-r' ?\n\n");
    #####:  103:                validate = 0;
        -:  104:            } else {
        -:  105:                /* Check if the value for the arg is valid and reference the value as an int */
        1:  106:                if (strcmp(argv[3],"1") == 0){
        1:  107:                    printf("\nCarregando B-Tree de registros de tamanho variavel...\n\n");
        1:  108:                    validate = 1;
        1:  109:                    *registerType = 1;
    #####:  110:                } else if(strcmp(argv[3],"2") == 0){
    #####:  111:                    printf("\nCarregando B-Tree de registros de tamanho fixo...\n\n");
    #####:  112:                    validate = 1;
    #####:  113:                    *registerType = 2;
        -:  114:                } else {
    #####:  115:                    printf("\nErro! Valor de %s precisa ser 1 ou 2!\n\n", argv[2]);
    #####:  116:                    validate = 0;
        -:  117:                }
        -:  118:            }
        -:  119:        }
        -:  120:    }
        -:  121:    
        -:  122:    /* Return if the CLI is ok*/
        1:  123:    return validate;
        -:  124:}
        -:  125:
        -:  126:
       15:  127:void splitChild(t_no *nodeX, int i, t_no *newNodeY){
        -:  128:    int j;
       15:  129:    t_no *newNodeZ = cria_no();
       15:  130:    newNodeY = nodeX->pFilhos[i];
        -:  131:    
       15:  132:    newNodeZ->folha = newNodeY->folha;
       15:  133:    newNodeZ->contador = 2-1;
        -:  134:    
       60:  135:    for(j = 1; j <= T; j++){
       45:  136:        newNodeZ->chaves[j] = newNodeY->chaves[j+T];
        -:  137:    }
       15:  138:    if(newNodeY->folha == FALSE){
       12:  139:        for(j = 1; j <= T; j++){
        9:  140:            newNodeZ->pFilhos[j] = newNodeY->pFilhos[j+T];
        -:  141:        }
        -:  142:    }
       15:  143:    newNodeY->contador = T-1;
       15:  144:    printf("\n>>>>%d\t%d\n", nodeX->contador, i);
        -:  145:    
       15:  146:    for(j = nodeX->contador+1; j >= i+1; j--){
    #####:  147:        nodeX->pFilhos[j+1] = nodeX->pFilhos[j];
        -:  148:    }
       15:  149:    nodeX->pFilhos[i+1] = newNodeZ;
       15:  150:    for (j = nodeX->contador; j >= i; j--){
    #####:  151:        nodeX->chaves[j+1] = nodeX->chaves[j];
        -:  152:    }
       15:  153:    nodeX->chaves[i] = newNodeY->chaves[T];
       15:  154:    nodeX->contador += 1;
       15:  155:}
        -:  156:
      102:  157:void insertNonFull(t_no *node, t_chave *toInsert){
      102:  158:    int i = node->contador;
        -:  159:    
      102:  160:    if(node->folha == TRUE){
       80:  161:        while((i >= 1) && ((toInsert->ident) < (node->chaves[i].ident))){
    #####:  162:            node->chaves[i+1] = node->chaves[i];
    #####:  163:            i -= 1; 
        -:  164:        }
       40:  165:        node->chaves[i+1] = *toInsert;
       40:  166:        node->contador += 1;
        -:  167:        
        -:  168:    } else {
      124:  169:        while((i >= 1) && ((toInsert->ident) < (node->chaves[i].ident))){
    #####:  170:            i -= 1;
        -:  171:        }
       62:  172:        i += 1;
       62:  173:        if(node->pFilhos[i]->contador == 4){
       13:  174:            splitChild(node, i, node->pFilhos[i]);
       13:  175:            if((toInsert->ident) > (node->chaves[i].ident)){
       13:  176:                i += 1;
        -:  177:            }
        -:  178:        }
       62:  179:        insertNonFull(node->pFilhos[i], toInsert);
        -:  180:    }
      102:  181:}
        -:  182:
        -:  183:
       40:  184:void insertBtree(t_tree *tree, t_chave *chave){
        -:  185:    t_no *newNode;
       40:  186:    t_no *newRoot = tree->root;
        -:  187:    t_no *aux;
        -:  188:
       40:  189:    if(newRoot->contador == 4){
        -:  190:        /* Caso o no esteja cheio temos que executar o split*/
        2:  191:        newNode = (t_no*)malloc(sizeof(t_no));
        2:  192:        tree->root = newNode;
        2:  193:        newNode->folha = FALSE;
        2:  194:        newNode->contador = 0;
        2:  195:        newNode->pFilhos[1] = newRoot;
        2:  196:        splitChild(newNode, 1, newRoot);
        2:  197:        insertNonFull(newNode, chave);
        -:  198:    } else {
       38:  199:        insertNonFull(newRoot, chave);
        -:  200:    }
       40:  201:}
        -:  202:
        1:  203:void pegaChaveVariavel(t_tree *root){
        -:  204:    char string[8];
        1:  205:    int i = 0;
        -:  206:    int j;
        1:  207:    int k = 0;
        -:  208:    t_chave *chave;
        -:  209:    
       42:  210:    while(!feof(fp)){
       40:  211:        j = 0;
        -:  212:        
       40:  213:        printf("%d\t", i);
      360:  214:        while(fgetc(fp) != ';'){
      280:  215:            fseek(fp, i, SEEK_SET);
      280:  216:            string[j] = fgetc(fp);
      280:  217:            i++;
      280:  218:            j++;
        -:  219:        }
       40:  220:        k++;
       40:  221:        printf("%s\t%d", string, k);
       40:  222:        chave = criaChave(k, string, i);
       40:  223:        insertBtree(root, chave);
        -:  224:        // if(k == 5) break;
       40:  225:        printf("\tInseriu >%d< \n", k);
     4361:  226:        while((fgetc(fp) != '\n')&&(!feof(fp))){
     4281:  227:            fseek(fp,i,SEEK_SET);
     4281:  228:            i++;
        -:  229:        }
        -:  230:    }
        1:  231:}
        -:  232:
        -:  233:
       18:  234:void printBtree (t_no *a, int level) {
        -:  235:   int i;
        -:  236:   // int j = 0;
        -:  237:
        -:  238:
       18:  239:   for (i = 0; i < level; i++) { printf("  "); }
        -:  240:   // printf("Contador de a === %d\n", a->contador);
       18:  241:   printf("|");
       58:  242:   for (i = 1; i <= a->contador; i++) {
       40:  243:      printf("%d|", a->chaves[i].ident);
        -:  244:   }
       18:  245:   printf("\n");
        -:  246:   
        -:  247:   // while(a->pFilhos[j] != NULL){
        -:  248:   //     j++;
        -:  249:   // }
        -:  250:
       76:  251:   for (i = 1; i <= a->contador+1; i++) {
       58:  252:      if (a->folha == FALSE) {
       17:  253:         printBtree(a->pFilhos[i], level + 1);
        -:  254:     }
        -:  255:   }
       18:  256:}
        -:  257:
        3:  258:t_no *searchBTree(t_no *root, int k, int *retI){
        3:  259:    int i = 1;
        3:  260:    printf("Valor de i === %d\n", i);
       15:  261:    while((i<=root->contador) && (k > root->chaves[i].ident)){
        9:  262:        i += 1;
        -:  263:    }
        3:  264:    if((i<=root->contador) && (k == root->chaves[i].ident)){
        1:  265:        *retI = i;
        1:  266:        return root;
        2:  267:    } else if(root->folha){
    #####:  268:        return NULL;
        -:  269:    } else {
        2:  270:        return searchBTree(root->pFilhos[i], k, retI);
        -:  271:    }
        -:  272:    
        -:  273:}
        -:  274:
        -:  275:// void printBtree(t_no *node){
        -:  276://     int i;
        -:  277://     if(node == NULL){
        -:  278://         return;
        -:  279://     }
        -:  280://     for(i = 1; i <= node->contador; i++){
        -:  281://         printBtree(node->pFilhos[i]);
        -:  282://         printf("%d ", node->chaves[i].ident);
        -:  283://     }
        -:  284://     printBtree(node->pFilhos[node->contador]);
        -:  285:// }
        -:  286:
        1:  287:int main(int argc, char *argv[]){
        1:  288:    int registerType = 0;
        1:  289:    int retI= 0;
        1:  290:    int cliCheck = cliParser(argc, argv, &registerType);
        1:  291:    t_tree *root = (t_tree*)malloc(sizeof(t_tree));
        1:  292:    t_no *pesquisa = (t_no*)malloc(sizeof(t_no));
        -:  293:    int i;
        -:  294:
        1:  295:    if (cliCheck == 1){
        1:  296:        if (registerType == 1){
        1:  297:            root = criaArvore(root);
        1:  298:            pegaChaveVariavel(root);
        1:  299:            printf("\n");
        -:  300:            
        -:  301:            // printf(">%d<\n", root->root->contador);
        -:  302:            // for(i = 1; i < 5; i++){
        -:  303:            //     printf("[%d]", root->root->chaves[i].ident);
        -:  304:            // }
        1:  305:            printf("\n");
        1:  306:            printBtree(root->root, 0);
        -:  307:            
        1:  308:            pesquisa = searchBTree(root->root, 40, &retI);
        1:  309:            printf("%d", pesquisa->chaves[retI].ident);
        -:  310:            
    #####:  311:        } else if(registerType == 2) {
        -:  312:        } else {
    #####:  313:            printf("Erro inesperado!");
        -:  314:        }
        -:  315:    }
        -:  316:
        -:  317:
        1:  318:    return 0;
        -:  319:}
